This is pdfTeX, Version 3.141592653-2.6-1.40.26 (TeX Live 2024) (preloaded format=pdftex 2024.10.24)  29 JAN 2025 08:52
entering extended mode
 restricted \write18 enabled.
 %&-line parsing enabled.
**srblock.tex
(./srblock.tex
! Undefined control sequence.
l.1 \documentclass
                  {article}
? 
! Undefined control sequence.
l.4 \usepackage
               {amsmath}
? 
! Undefined control sequence.
l.5 \usepackage
               {amsthm}
? 
! Undefined control sequence.
l.6 \usepackage
               {amssymb}
? 
! Undefined control sequence.
l.7 \usepackage
               {geometry}
? 
! Undefined control sequence.
l.8 \usepackage
               {tcolorbox}
? 
! Undefined control sequence.
l.11 \geometry
              {a4paper, margin=1in}
? 
! Undefined control sequence.
l.14 \newtheorem
                {theorem}{Theorem}
? 
! Undefined control sequence.
l.15 \newtheorem
                {definition}{Definition}
? 
! Undefined control sequence.
l.16 \newtheorem
                {exercise}{Exercise}
? 
! Undefined control sequence.
l.18 \begin
           {document}
? 
! Undefined control sequence.
l.20 \title
           {Lecture 7: Special Relativity and Blockchain Consensus}
? 
! Undefined control sequence.
l.21 \author
            {Course Notes}
? 
! Undefined control sequence.
l.22 \date
          {\today}
? 
! Undefined control sequence.
l.22 \date{\today
                 }
? 
! Undefined control sequence.
l.23 \maketitle
               
? 
! Undefined control sequence.
l.25 \section
             {Introduction}
? 
! Undefined control sequence.
l.28 \section
             {Properties of Local Consensus}
? 
! Undefined control sequence.
l.29 \begin
           {theorem}
? 
[1{/usr/local/texlive/2024/texmf-var/fonts/map/pdftex/updmap/pdftex.map}] )</us
r/local/texlive/2024/texmf-dist/fonts/type1/public/amsfonts/cm/cmr10.pfb>
Output written on srblock.pdf (1 page, 18771 bytes).
PDF statistics:
 12 PDF objects out of 1000 (max. 8388607)
 7 compressed objects within 1 object stream
 0 named destinations out of 1000 (max. 500000)
 1 words of extra memory for PDF output out of 10000 (max. 10000000)

